2020-07-04 09:58:02,383 [DefaultMetadataResolver-0-1] INFO  o.e.m.c.i.e.AbstractTransferListenerAdapter - Downloading https://repo.spring.io/snapshot/org/springframework/boot/spring-boot-starter-parent/2.2.2.BUILD-SNAPSHOT/maven-metadata.xml
2020-07-04 09:58:02,383 [DefaultMetadataResolver-0-0] INFO  o.e.m.c.i.e.AbstractTransferListenerAdapter - Downloaded https://repo.spring.io/milestone/org/springframework/boot/spring-boot-starter-parent/2.2.2.BUILD-SNAPSHOT/maven-metadata.xml
2020-07-04 09:58:02,888 [DefaultMetadataResolver-0-1] INFO  o.e.m.c.i.e.AbstractTransferListenerAdapter - Downloaded https://repo.spring.io/snapshot/org/springframework/boot/spring-boot-starter-parent/2.2.2.BUILD-SNAPSHOT/maven-metadata.xml
2020-07-04 09:58:03,204 [Worker-48: Importing Maven projects] INFO  o.e.m.c.i.e.AbstractTransferListenerAdapter - Downloading https://repo.spring.io/snapshot/org/springframework/boot/spring-boot-starter-parent/2.2.2.BUILD-SNAPSHOT/spring-boot-starter-parent-2.2.2.BUILD-20191206.052641-47.pom
2020-07-04 09:58:03,514 [Worker-48: Importing Maven projects] INFO  o.e.m.c.i.e.AbstractTransferListenerAdapter - Downloaded https://repo.spring.io/snapshot/org/springframework/boot/spring-boot-starter-parent/2.2.2.BUILD-SNAPSHOT/spring-boot-starter-parent-2.2.2.BUILD-20191206.052641-47.pom
2020-07-04 09:58:03,896 [DefaultMetadataResolver-1-0] INFO  o.e.m.c.i.e.AbstractTransferListenerAdapter - Downloaded https://repo.spring.io/milestone/org/springframework/boot/spring-boot-dependencies/2.2.2.BUILD-SNAPSHOT/maven-metadata.xml
2020-07-04 09:58:04,036 [DefaultMetadataResolver-1-1] INFO  o.e.m.c.i.e.AbstractTransferListenerAdapter - Downloading https://repo.spring.io/snapshot/org/springframework/boot/spring-boot-dependencies/2.2.2.BUILD-SNAPSHOT/maven-metadata.xml
2020-07-04 09:58:04,315 [DefaultMetadataResolver-1-1] INFO  o.e.m.c.i.e.AbstractTransferListenerAdapter - Downloaded https://repo.spring.io/snapshot/org/springframework/boot/spring-boot-dependencies/2.2.2.BUILD-SNAPSHOT/maven-metadata.xml
2020-07-04 09:58:04,720 [Worker-48: Importing Maven projects] INFO  o.e.m.c.i.e.AbstractTransferListenerAdapter - Downloading https://repo.spring.io/snapshot/org/springframework/boot/spring-boot-dependencies/2.2.2.BUILD-SNAPSHOT/spring-boot-dependencies-2.2.2.BUILD-20191206.052559-47.pom
2020-07-04 09:58:05,749 [Worker-48: Importing Maven projects] INFO  o.e.m.c.i.e.AbstractTransferListenerAdapter - Downloaded https://repo.spring.io/snapshot/org/springframework/boot/spring-boot-dependencies/2.2.2.BUILD-SNAPSHOT/spring-boot-dependencies-2.2.2.BUILD-20191206.052559-47.pom
2020-07-04 09:58:06,520 [Worker-48: Importing Maven projects] INFO  o.e.m.c.i.e.AbstractTransferListenerAdapter - Downloaded https://repo.spring.io/milestone/com/fasterxml/jackson/jackson-bom/2.10.1/jackson-bom-2.10.1.pom
2020-07-04 09:58:06,837 [Worker-48: Importing Maven projects] INFO  o.e.m.c.i.e.AbstractTransferListenerAdapter - Downloaded https://repo.spring.io/snapshot/com/fasterxml/jackson/jackson-bom/2.10.1/jackson-bom-2.10.1.pom
2020-07-04 09:58:07,867 [Worker-48: Importing Maven projects] INFO  o.e.m.c.i.e.AbstractTransferListenerAdapter - Downloading https://repo.maven.apache.org/maven2/com/fasterxml/jackson/jackson-bom/2.10.1/jackson-bom-2.10.1.pom
2020-07-04 09:58:08,028 [Worker-48: Importing Maven projects] INFO  o.e.m.c.i.e.AbstractTransferListenerAdapter - Downloaded https://repo.maven.apache.org/maven2/com/fasterxml/jackson/jackson-bom/2.10.1/jackson-bom-2.10.1.pom
2020-07-04 09:58:08,838 [Worker-48: Importing Maven projects] INFO  o.e.m.c.i.e.AbstractTransferListenerAdapter - Downloaded https://repo.spring.io/milestone/io/projectreactor/reactor-bom/Dysprosium-SR2/reactor-bom-Dysprosium-SR2.pom
2020-07-04 09:58:09,111 [Worker-48: Importing Maven projects] INFO  o.e.m.c.i.e.AbstractTransferListenerAdapter - Downloaded https://repo.spring.io/snapshot/io/projectreactor/reactor-bom/Dysprosium-SR2/reactor-bom-Dysprosium-SR2.pom
2020-07-04 09:58:09,261 [Worker-48: Importing Maven projects] INFO  o.e.m.c.i.e.AbstractTransferListenerAdapter - Downloading https://repo.maven.apache.org/maven2/io/projectreactor/reactor-bom/Dysprosium-SR2/reactor-bom-Dysprosium-SR2.pom
2020-07-04 09:58:09,465 [Worker-48: Importing Maven projects] INFO  o.e.m.c.i.e.AbstractTransferListenerAdapter - Downloaded https://repo.maven.apache.org/maven2/io/projectreactor/reactor-bom/Dysprosium-SR2/reactor-bom-Dysprosium-SR2.pom
2020-07-04 09:58:10,075 [Worker-48: Importing Maven projects] INFO  o.e.m.c.i.e.AbstractTransferListenerAdapter - Downloaded https://repo.spring.io/milestone/org/eclipse/jetty/jetty-bom/9.4.24.v20191120/jetty-bom-9.4.24.v20191120.pom
2020-07-04 09:58:10,356 [Worker-48: Importing Maven projects] INFO  o.e.m.c.i.e.AbstractTransferListenerAdapter - Downloaded https://repo.spring.io/snapshot/org/eclipse/jetty/jetty-bom/9.4.24.v20191120/jetty-bom-9.4.24.v20191120.pom
2020-07-04 09:58:10,560 [Worker-48: Importing Maven projects] INFO  o.e.m.c.i.e.AbstractTransferListenerAdapter - Downloading https://repo.maven.apache.org/maven2/org/eclipse/jetty/jetty-bom/9.4.24.v20191120/jetty-bom-9.4.24.v20191120.pom
2020-07-04 09:58:10,791 [Worker-48: Importing Maven projects] INFO  o.e.m.c.i.e.AbstractTransferListenerAdapter - Downloaded https://repo.maven.apache.org/maven2/org/eclipse/jetty/jetty-bom/9.4.24.v20191120/jetty-bom-9.4.24.v20191120.pom
2020-07-04 09:58:11,280 [Worker-48: Importing Maven projects] INFO  o.e.m.c.i.e.AbstractTransferListenerAdapter - Downloaded https://repo.spring.io/milestone/org/jetbrains/kotlin/kotlin-bom/1.3.61/kotlin-bom-1.3.61.pom
2020-07-04 09:58:11,649 [Worker-48: Importing Maven projects] INFO  o.e.m.c.i.e.AbstractTransferListenerAdapter - Downloaded https://repo.spring.io/snapshot/org/jetbrains/kotlin/kotlin-bom/1.3.61/kotlin-bom-1.3.61.pom
2020-07-04 09:58:11,825 [Worker-48: Importing Maven projects] INFO  o.e.m.c.i.e.AbstractTransferListenerAdapter - Downloading https://repo.maven.apache.org/maven2/org/jetbrains/kotlin/kotlin-bom/1.3.61/kotlin-bom-1.3.61.pom
2020-07-04 09:58:11,984 [Worker-48: Importing Maven projects] INFO  o.e.m.c.i.e.AbstractTransferListenerAdapter - Downloaded https://repo.maven.apache.org/maven2/org/jetbrains/kotlin/kotlin-bom/1.3.61/kotlin-bom-1.3.61.pom
2020-07-04 09:58:12,365 [Worker-48: Importing Maven projects] INFO  o.e.m.c.i.e.AbstractTransferListenerAdapter - Downloading https://repo.spring.io/milestone/org/springframework/spring-framework-bom/5.2.2.RELEASE/spring-framework-bom-5.2.2.RELEASE.pom
2020-07-04 09:58:12,653 [Worker-48: Importing Maven projects] INFO  o.e.m.c.i.e.AbstractTransferListenerAdapter - Downloaded https://repo.spring.io/milestone/org/springframework/spring-framework-bom/5.2.2.RELEASE/spring-framework-bom-5.2.2.RELEASE.pom
2020-07-04 09:58:12,978 [Worker-48: Importing Maven projects] INFO  o.e.m.c.i.e.AbstractTransferListenerAdapter - Downloading https://repo.spring.io/milestone/org/springframework/data/spring-data-releasetrain/Moore-SR3/spring-data-releasetrain-Moore-SR3.pom
2020-07-04 09:58:13,270 [Worker-48: Importing Maven projects] INFO  o.e.m.c.i.e.AbstractTransferListenerAdapter - Downloaded https://repo.spring.io/milestone/org/springframework/data/spring-data-releasetrain/Moore-SR3/spring-data-releasetrain-Moore-SR3.pom
2020-07-04 09:58:13,607 [Worker-48: Importing Maven projects] INFO  o.e.m.c.i.e.AbstractTransferListenerAdapter - Downloading https://repo.spring.io/milestone/org/springframework/data/build/spring-data-build/2.2.3.RELEASE/spring-data-build-2.2.3.RELEASE.pom
2020-07-04 09:58:13,903 [Worker-48: Importing Maven projects] INFO  o.e.m.c.i.e.AbstractTransferListenerAdapter - Downloaded https://repo.spring.io/milestone/org/springframework/data/build/spring-data-build/2.2.3.RELEASE/spring-data-build-2.2.3.RELEASE.pom
2020-07-04 09:58:14,213 [Worker-48: Importing Maven projects] INFO  o.e.m.c.i.e.AbstractTransferListenerAdapter - Downloading https://repo.spring.io/milestone/org/springframework/integration/spring-integration-bom/5.2.2.RELEASE/spring-integration-bom-5.2.2.RELEASE.pom
2020-07-04 09:58:14,543 [Worker-48: Importing Maven projects] INFO  o.e.m.c.i.e.AbstractTransferListenerAdapter - Downloaded https://repo.spring.io/milestone/org/springframework/integration/spring-integration-bom/5.2.2.RELEASE/spring-integration-bom-5.2.2.RELEASE.pom
2020-07-04 09:58:17,339 [DefaultMetadataResolver-2-0] INFO  o.e.m.c.i.e.AbstractTransferListenerAdapter - Downloaded https://repo.spring.io/milestone/org/springframework/boot/spring-boot-maven-plugin/2.2.2.BUILD-SNAPSHOT/maven-metadata.xml
2020-07-04 09:58:17,369 [DefaultMetadataResolver-2-1] INFO  o.e.m.c.i.e.AbstractTransferListenerAdapter - Downloading https://repo.spring.io/snapshot/org/springframework/boot/spring-boot-maven-plugin/2.2.2.BUILD-SNAPSHOT/maven-metadata.xml
2020-07-04 09:58:17,673 [DefaultMetadataResolver-2-1] INFO  o.e.m.c.i.e.AbstractTransferListenerAdapter - Downloaded https://repo.spring.io/snapshot/org/springframework/boot/spring-boot-maven-plugin/2.2.2.BUILD-SNAPSHOT/maven-metadata.xml
2020-07-04 09:58:17,976 [Worker-48: Importing Maven projects] INFO  o.e.m.c.i.e.AbstractTransferListenerAdapter - Downloaded https://repo.spring.io/milestone/org/springframework/boot/spring-boot-maven-plugin/2.2.2.BUILD-SNAPSHOT/spring-boot-maven-plugin-2.2.2.BUILD-20191206.052607-47.pom
2020-07-04 09:58:18,263 [Worker-48: Importing Maven projects] INFO  o.e.m.c.i.e.AbstractTransferListenerAdapter - Downloading https://repo.spring.io/snapshot/org/springframework/boot/spring-boot-maven-plugin/2.2.2.BUILD-SNAPSHOT/spring-boot-maven-plugin-2.2.2.BUILD-20191206.052607-47.pom
2020-07-04 09:58:18,615 [Worker-48: Importing Maven projects] INFO  o.e.m.c.i.e.AbstractTransferListenerAdapter - Downloaded https://repo.spring.io/snapshot/org/springframework/boot/spring-boot-maven-plugin/2.2.2.BUILD-SNAPSHOT/spring-boot-maven-plugin-2.2.2.BUILD-20191206.052607-47.pom
2020-07-04 09:58:18,930 [DefaultMetadataResolver-3-0] INFO  o.e.m.c.i.e.AbstractTransferListenerAdapter - Downloaded https://repo.spring.io/milestone/org/springframework/boot/spring-boot-tools/2.2.2.BUILD-SNAPSHOT/maven-metadata.xml
2020-07-04 09:58:19,009 [DefaultMetadataResolver-3-1] INFO  o.e.m.c.i.e.AbstractTransferListenerAdapter - Downloading https://repo.spring.io/snapshot/org/springframework/boot/spring-boot-tools/2.2.2.BUILD-SNAPSHOT/maven-metadata.xml
2020-07-04 09:58:19,306 [DefaultMetadataResolver-3-1] INFO  o.e.m.c.i.e.AbstractTransferListenerAdapter - Downloaded https://repo.spring.io/snapshot/org/springframework/boot/spring-boot-tools/2.2.2.BUILD-SNAPSHOT/maven-metadata.xml
2020-07-04 09:58:19,593 [Worker-48: Importing Maven projects] INFO  o.e.m.c.i.e.AbstractTransferListenerAdapter - Downloading https://repo.spring.io/snapshot/org/springframework/boot/spring-boot-tools/2.2.2.BUILD-SNAPSHOT/spring-boot-tools-2.2.2.BUILD-20191206.052656-47.pom
2020-07-04 09:58:20,023 [Worker-48: Importing Maven projects] INFO  o.e.m.c.i.e.AbstractTransferListenerAdapter - Downloaded https://repo.spring.io/snapshot/org/springframework/boot/spring-boot-tools/2.2.2.BUILD-SNAPSHOT/spring-boot-tools-2.2.2.BUILD-20191206.052656-47.pom
2020-07-04 09:58:20,333 [DefaultMetadataResolver-4-0] INFO  o.e.m.c.i.e.AbstractTransferListenerAdapter - Downloaded https://repo.spring.io/milestone/org/springframework/boot/spring-boot-parent/2.2.2.BUILD-SNAPSHOT/maven-metadata.xml
2020-07-04 09:58:20,415 [DefaultMetadataResolver-4-1] INFO  o.e.m.c.i.e.AbstractTransferListenerAdapter - Downloading https://repo.spring.io/snapshot/org/springframework/boot/spring-boot-parent/2.2.2.BUILD-SNAPSHOT/maven-metadata.xml
2020-07-04 09:58:20,711 [DefaultMetadataResolver-4-1] INFO  o.e.m.c.i.e.AbstractTransferListenerAdapter - Downloaded https://repo.spring.io/snapshot/org/springframework/boot/spring-boot-parent/2.2.2.BUILD-SNAPSHOT/maven-metadata.xml
2020-07-04 09:58:21,000 [Worker-48: Importing Maven projects] INFO  o.e.m.c.i.e.AbstractTransferListenerAdapter - Downloading https://repo.spring.io/snapshot/org/springframework/boot/spring-boot-parent/2.2.2.BUILD-SNAPSHOT/spring-boot-parent-2.2.2.BUILD-20191206.052609-47.pom
2020-07-04 09:58:21,276 [Worker-48: Importing Maven projects] INFO  o.e.m.c.i.e.AbstractTransferListenerAdapter - Downloaded https://repo.spring.io/snapshot/org/springframework/boot/spring-boot-parent/2.2.2.BUILD-SNAPSHOT/spring-boot-parent-2.2.2.BUILD-20191206.052609-47.pom
2020-07-04 09:58:21,760 [Worker-48: Importing Maven projects] INFO  o.e.m.c.i.e.AbstractTransferListenerAdapter - Downloading https://repo.spring.io/snapshot/org/springframework/boot/spring-boot-maven-plugin/2.2.2.BUILD-SNAPSHOT/spring-boot-maven-plugin-2.2.2.BUILD-20191206.052607-47.jar
2020-07-04 09:58:22,671 [Worker-48: Importing Maven projects] INFO  o.e.m.c.i.e.AbstractTransferListenerAdapter - Downloaded https://repo.spring.io/snapshot/org/springframework/boot/spring-boot-maven-plugin/2.2.2.BUILD-SNAPSHOT/spring-boot-maven-plugin-2.2.2.BUILD-20191206.052607-47.jar
2020-07-04 09:58:31,924 [Worker-48: Importing Maven projects] INFO  o.e.m.c.i.l.LifecycleMappingFactory - Using org.eclipse.m2e.jdt.JarLifecycleMapping lifecycle mapping for MavenProject: com.javatpoint:spring-boot-example:0.0.1-SNAPSHOT @ D:\downloaded project\spring-boot-example\pom.xml.
2020-07-04 09:58:32,280 [DefaultMetadataResolver-5-0] INFO  o.e.m.c.i.e.AbstractTransferListenerAdapter - Downloaded https://repo.spring.io/milestone/org/springframework/boot/spring-boot-starter/2.2.2.BUILD-SNAPSHOT/maven-metadata.xml
2020-07-04 09:58:32,302 [DefaultMetadataResolver-5-1] INFO  o.e.m.c.i.e.AbstractTransferListenerAdapter - Downloading https://repo.spring.io/snapshot/org/springframework/boot/spring-boot-starter/2.2.2.BUILD-SNAPSHOT/maven-metadata.xml
2020-07-04 09:58:32,596 [DefaultMetadataResolver-5-1] INFO  o.e.m.c.i.e.AbstractTransferListenerAdapter - Downloaded https://repo.spring.io/snapshot/org/springframework/boot/spring-boot-starter/2.2.2.BUILD-SNAPSHOT/maven-metadata.xml
2020-07-04 09:58:32,872 [Worker-48: Importing Maven projects] INFO  o.e.m.c.i.e.AbstractTransferListenerAdapter - Downloaded https://repo.spring.io/milestone/org/springframework/boot/spring-boot-starter/2.2.2.BUILD-SNAPSHOT/spring-boot-starter-2.2.2.BUILD-20191206.052651-47.pom
2020-07-04 09:58:33,182 [Worker-48: Importing Maven projects] INFO  o.e.m.c.i.e.AbstractTransferListenerAdapter - Downloading https://repo.spring.io/snapshot/org/springframework/boot/spring-boot-starter/2.2.2.BUILD-SNAPSHOT/spring-boot-starter-2.2.2.BUILD-20191206.052651-47.pom
2020-07-04 09:58:33,453 [Worker-48: Importing Maven projects] INFO  o.e.m.c.i.e.AbstractTransferListenerAdapter - Downloaded https://repo.spring.io/snapshot/org/springframework/boot/spring-boot-starter/2.2.2.BUILD-SNAPSHOT/spring-boot-starter-2.2.2.BUILD-20191206.052651-47.pom
2020-07-04 09:58:33,809 [DefaultMetadataResolver-6-0] INFO  o.e.m.c.i.e.AbstractTransferListenerAdapter - Downloaded https://repo.spring.io/milestone/org/springframework/boot/spring-boot-starters/2.2.2.BUILD-SNAPSHOT/maven-metadata.xml
2020-07-04 09:58:33,829 [DefaultMetadataResolver-6-1] INFO  o.e.m.c.i.e.AbstractTransferListenerAdapter - Downloading https://repo.spring.io/snapshot/org/springframework/boot/spring-boot-starters/2.2.2.BUILD-SNAPSHOT/maven-metadata.xml
2020-07-04 09:58:34,129 [DefaultMetadataResolver-6-1] INFO  o.e.m.c.i.e.AbstractTransferListenerAdapter - Downloaded https://repo.spring.io/snapshot/org/springframework/boot/spring-boot-starters/2.2.2.BUILD-SNAPSHOT/maven-metadata.xml
2020-07-04 09:58:34,458 [Worker-48: Importing Maven projects] INFO  o.e.m.c.i.e.AbstractTransferListenerAdapter - Downloading https://repo.spring.io/snapshot/org/springframework/boot/spring-boot-starters/2.2.2.BUILD-SNAPSHOT/spring-boot-starters-2.2.2.BUILD-20191206.052652-47.pom
2020-07-04 09:58:34,731 [Worker-48: Importing Maven projects] INFO  o.e.m.c.i.e.AbstractTransferListenerAdapter - Downloaded https://repo.spring.io/snapshot/org/springframework/boot/spring-boot-starters/2.2.2.BUILD-SNAPSHOT/spring-boot-starters-2.2.2.BUILD-20191206.052652-47.pom
2020-07-04 09:58:35,075 [DefaultMetadataResolver-7-0] INFO  o.e.m.c.i.e.AbstractTransferListenerAdapter - Downloaded https://repo.spring.io/milestone/org/springframework/boot/spring-boot/2.2.2.BUILD-SNAPSHOT/maven-metadata.xml
2020-07-04 09:58:35,107 [DefaultMetadataResolver-7-1] INFO  o.e.m.c.i.e.AbstractTransferListenerAdapter - Downloading https://repo.spring.io/snapshot/org/springframework/boot/spring-boot/2.2.2.BUILD-SNAPSHOT/maven-metadata.xml
2020-07-04 09:58:35,514 [DefaultMetadataResolver-7-1] INFO  o.e.m.c.i.e.AbstractTransferListenerAdapter - Downloaded https://repo.spring.io/snapshot/org/springframework/boot/spring-boot/2.2.2.BUILD-SNAPSHOT/maven-metadata.xml
2020-07-04 09:58:35,794 [Worker-48: Importing Maven projects] INFO  o.e.m.c.i.e.AbstractTransferListenerAdapter - Downloaded https://repo.spring.io/milestone/org/springframework/boot/spring-boot/2.2.2.BUILD-SNAPSHOT/spring-boot-2.2.2.BUILD-20191206.052656-47.pom
2020-07-04 09:58:36,282 [Worker-48: Importing Maven projects] INFO  o.e.m.c.i.e.AbstractTransferListenerAdapter - Downloading https://repo.spring.io/snapshot/org/springframework/boot/spring-boot/2.2.2.BUILD-SNAPSHOT/spring-boot-2.2.2.BUILD-20191206.052656-47.pom
2020-07-04 09:58:36,638 [Worker-48: Importing Maven projects] INFO  o.e.m.c.i.e.AbstractTransferListenerAdapter - Downloaded https://repo.spring.io/snapshot/org/springframework/boot/spring-boot/2.2.2.BUILD-SNAPSHOT/spring-boot-2.2.2.BUILD-20191206.052656-47.pom
2020-07-04 09:58:37,030 [Worker-48: Importing Maven projects] INFO  o.e.m.c.i.e.AbstractTransferListenerAdapter - Downloading https://repo.spring.io/milestone/org/springframework/spring-core/5.2.2.RELEASE/spring-core-5.2.2.RELEASE.pom
2020-07-04 09:58:37,311 [Worker-48: Importing Maven projects] INFO  o.e.m.c.i.e.AbstractTransferListenerAdapter - Downloaded https://repo.spring.io/milestone/org/springframework/spring-core/5.2.2.RELEASE/spring-core-5.2.2.RELEASE.pom
2020-07-04 09:58:37,681 [Worker-48: Importing Maven projects] INFO  o.e.m.c.i.e.AbstractTransferListenerAdapter - Downloading https://repo.spring.io/milestone/org/springframework/spring-jcl/5.2.2.RELEASE/spring-jcl-5.2.2.RELEASE.pom
2020-07-04 09:58:37,954 [Worker-48: Importing Maven projects] INFO  o.e.m.c.i.e.AbstractTransferListenerAdapter - Downloaded https://repo.spring.io/milestone/org/springframework/spring-jcl/5.2.2.RELEASE/spring-jcl-5.2.2.RELEASE.pom
2020-07-04 09:58:38,282 [Worker-48: Importing Maven projects] INFO  o.e.m.c.i.e.AbstractTransferListenerAdapter - Downloading https://repo.spring.io/milestone/org/springframework/spring-context/5.2.2.RELEASE/spring-context-5.2.2.RELEASE.pom
2020-07-04 09:58:38,557 [Worker-48: Importing Maven projects] INFO  o.e.m.c.i.e.AbstractTransferListenerAdapter - Downloaded https://repo.spring.io/milestone/org/springframework/spring-context/5.2.2.RELEASE/spring-context-5.2.2.RELEASE.pom
2020-07-04 09:58:38,865 [Worker-48: Importing Maven projects] INFO  o.e.m.c.i.e.AbstractTransferListenerAdapter - Downloading https://repo.spring.io/milestone/org/springframework/spring-aop/5.2.2.RELEASE/spring-aop-5.2.2.RELEASE.pom
2020-07-04 09:58:39,147 [Worker-48: Importing Maven projects] INFO  o.e.m.c.i.e.AbstractTransferListenerAdapter - Downloaded https://repo.spring.io/milestone/org/springframework/spring-aop/5.2.2.RELEASE/spring-aop-5.2.2.RELEASE.pom
2020-07-04 09:58:39,490 [Worker-48: Importing Maven projects] INFO  o.e.m.c.i.e.AbstractTransferListenerAdapter - Downloading https://repo.spring.io/milestone/org/springframework/spring-beans/5.2.2.RELEASE/spring-beans-5.2.2.RELEASE.pom
2020-07-04 09:58:39,767 [Worker-48: Importing Maven projects] INFO  o.e.m.c.i.e.AbstractTransferListenerAdapter - Downloaded https://repo.spring.io/milestone/org/springframework/spring-beans/5.2.2.RELEASE/spring-beans-5.2.2.RELEASE.pom
2020-07-04 09:58:40,056 [Worker-48: Importing Maven projects] INFO  o.e.m.c.i.e.AbstractTransferListenerAdapter - Downloading https://repo.spring.io/milestone/org/springframework/spring-expression/5.2.2.RELEASE/spring-expression-5.2.2.RELEASE.pom
2020-07-04 09:58:40,331 [Worker-48: Importing Maven projects] INFO  o.e.m.c.i.e.AbstractTransferListenerAdapter - Downloaded https://repo.spring.io/milestone/org/springframework/spring-expression/5.2.2.RELEASE/spring-expression-5.2.2.RELEASE.pom
2020-07-04 09:58:40,653 [DefaultMetadataResolver-8-0] INFO  o.e.m.c.i.e.AbstractTransferListenerAdapter - Downloaded https://repo.spring.io/milestone/org/springframework/boot/spring-boot-autoconfigure/2.2.2.BUILD-SNAPSHOT/maven-metadata.xml
2020-07-04 09:58:40,699 [DefaultMetadataResolver-8-1] INFO  o.e.m.c.i.e.AbstractTransferListenerAdapter - Downloading https://repo.spring.io/snapshot/org/springframework/boot/spring-boot-autoconfigure/2.2.2.BUILD-SNAPSHOT/maven-metadata.xml
2020-07-04 09:58:40,983 [DefaultMetadataResolver-8-1] INFO  o.e.m.c.i.e.AbstractTransferListenerAdapter - Downloaded https://repo.spring.io/snapshot/org/springframework/boot/spring-boot-autoconfigure/2.2.2.BUILD-SNAPSHOT/maven-metadata.xml
2020-07-04 09:58:41,277 [Worker-48: Importing Maven projects] INFO  o.e.m.c.i.e.AbstractTransferListenerAdapter - Downloaded https://repo.spring.io/milestone/org/springframework/boot/spring-boot-autoconfigure/2.2.2.BUILD-SNAPSHOT/spring-boot-autoconfigure-2.2.2.BUILD-20191206.052548-47.pom
2020-07-04 09:58:41,563 [Worker-48: Importing Maven projects] INFO  o.e.m.c.i.e.AbstractTransferListenerAdapter - Downloading https://repo.spring.io/snapshot/org/springframework/boot/spring-boot-autoconfigure/2.2.2.BUILD-SNAPSHOT/spring-boot-autoconfigure-2.2.2.BUILD-20191206.052548-47.pom
2020-07-04 09:58:42,130 [Worker-48: Importing Maven projects] INFO  o.e.m.c.i.e.AbstractTransferListenerAdapter - Downloaded https://repo.spring.io/snapshot/org/springframework/boot/spring-boot-autoconfigure/2.2.2.BUILD-SNAPSHOT/spring-boot-autoconfigure-2.2.2.BUILD-20191206.052548-47.pom
2020-07-04 09:58:42,459 [DefaultMetadataResolver-9-0] INFO  o.e.m.c.i.e.AbstractTransferListenerAdapter - Downloaded https://repo.spring.io/milestone/org/springframework/boot/spring-boot-starter-logging/2.2.2.BUILD-SNAPSHOT/maven-metadata.xml
2020-07-04 09:58:42,462 [DefaultMetadataResolver-9-1] INFO  o.e.m.c.i.e.AbstractTransferListenerAdapter - Downloading https://repo.spring.io/snapshot/org/springframework/boot/spring-boot-starter-logging/2.2.2.BUILD-SNAPSHOT/maven-metadata.xml
2020-07-04 09:58:42,837 [DefaultMetadataResolver-9-1] INFO  o.e.m.c.i.e.AbstractTransferListenerAdapter - Downloaded https://repo.spring.io/snapshot/org/springframework/boot/spring-boot-starter-logging/2.2.2.BUILD-SNAPSHOT/maven-metadata.xml
2020-07-04 09:58:43,114 [Worker-48: Importing Maven projects] INFO  o.e.m.c.i.e.AbstractTransferListenerAdapter - Downloaded https://repo.spring.io/milestone/org/springframework/boot/spring-boot-starter-logging/2.2.2.BUILD-SNAPSHOT/spring-boot-starter-logging-2.2.2.BUILD-20191206.052637-47.pom
2020-07-04 09:58:43,468 [Worker-48: Importing Maven projects] INFO  o.e.m.c.i.e.AbstractTransferListenerAdapter - Downloading https://repo.spring.io/snapshot/org/springframework/boot/spring-boot-starter-logging/2.2.2.BUILD-SNAPSHOT/spring-boot-starter-logging-2.2.2.BUILD-20191206.052637-47.pom
2020-07-04 09:58:43,862 [Worker-48: Importing Maven projects] INFO  o.e.m.c.i.e.AbstractTransferListenerAdapter - Downloaded https://repo.spring.io/snapshot/org/springframework/boot/spring-boot-starter-logging/2.2.2.BUILD-SNAPSHOT/spring-boot-starter-logging-2.2.2.BUILD-20191206.052637-47.pom
2020-07-04 09:58:44,409 [DefaultMetadataResolver-10-0] INFO  o.e.m.c.i.e.AbstractTransferListenerAdapter - Downloaded https://repo.spring.io/milestone/org/springframework/boot/spring-boot-starter-test/2.2.2.BUILD-SNAPSHOT/maven-metadata.xml
2020-07-04 09:58:44,432 [DefaultMetadataResolver-10-1] INFO  o.e.m.c.i.e.AbstractTransferListenerAdapter - Downloading https://repo.spring.io/snapshot/org/springframework/boot/spring-boot-starter-test/2.2.2.BUILD-SNAPSHOT/maven-metadata.xml
2020-07-04 09:58:44,727 [DefaultMetadataResolver-10-1] INFO  o.e.m.c.i.e.AbstractTransferListenerAdapter - Downloaded https://repo.spring.io/snapshot/org/springframework/boot/spring-boot-starter-test/2.2.2.BUILD-SNAPSHOT/maven-metadata.xml
2020-07-04 09:58:45,001 [Worker-48: Importing Maven projects] INFO  o.e.m.c.i.e.AbstractTransferListenerAdapter - Downloaded https://repo.spring.io/milestone/org/springframework/boot/spring-boot-starter-test/2.2.2.BUILD-SNAPSHOT/spring-boot-starter-test-2.2.2.BUILD-20191206.052644-47.pom
2020-07-04 09:58:45,281 [Worker-48: Importing Maven projects] INFO  o.e.m.c.i.e.AbstractTransferListenerAdapter - Downloading https://repo.spring.io/snapshot/org/springframework/boot/spring-boot-starter-test/2.2.2.BUILD-SNAPSHOT/spring-boot-starter-test-2.2.2.BUILD-20191206.052644-47.pom
2020-07-04 09:58:45,569 [Worker-48: Importing Maven projects] INFO  o.e.m.c.i.e.AbstractTransferListenerAdapter - Downloaded https://repo.spring.io/snapshot/org/springframework/boot/spring-boot-starter-test/2.2.2.BUILD-SNAPSHOT/spring-boot-starter-test-2.2.2.BUILD-20191206.052644-47.pom
2020-07-04 09:58:45,896 [DefaultMetadataResolver-11-0] INFO  o.e.m.c.i.e.AbstractTransferListenerAdapter - Downloaded https://repo.spring.io/milestone/org/springframework/boot/spring-boot-test/2.2.2.BUILD-SNAPSHOT/maven-metadata.xml
2020-07-04 09:58:45,917 [DefaultMetadataResolver-11-1] INFO  o.e.m.c.i.e.AbstractTransferListenerAdapter - Downloading https://repo.spring.io/snapshot/org/springframework/boot/spring-boot-test/2.2.2.BUILD-SNAPSHOT/maven-metadata.xml
2020-07-04 09:58:46,229 [DefaultMetadataResolver-11-1] INFO  o.e.m.c.i.e.AbstractTransferListenerAdapter - Downloaded https://repo.spring.io/snapshot/org/springframework/boot/spring-boot-test/2.2.2.BUILD-SNAPSHOT/maven-metadata.xml
2020-07-04 09:58:46,513 [Worker-48: Importing Maven projects] INFO  o.e.m.c.i.e.AbstractTransferListenerAdapter - Downloaded https://repo.spring.io/milestone/org/springframework/boot/spring-boot-test/2.2.2.BUILD-SNAPSHOT/spring-boot-test-2.2.2.BUILD-20191206.052654-47.pom
2020-07-04 09:58:46,888 [Worker-48: Importing Maven projects] INFO  o.e.m.c.i.e.AbstractTransferListenerAdapter - Downloading https://repo.spring.io/snapshot/org/springframework/boot/spring-boot-test/2.2.2.BUILD-SNAPSHOT/spring-boot-test-2.2.2.BUILD-20191206.052654-47.pom
2020-07-04 09:58:47,202 [Worker-48: Importing Maven projects] INFO  o.e.m.c.i.e.AbstractTransferListenerAdapter - Downloaded https://repo.spring.io/snapshot/org/springframework/boot/spring-boot-test/2.2.2.BUILD-SNAPSHOT/spring-boot-test-2.2.2.BUILD-20191206.052654-47.pom
2020-07-04 09:58:47,579 [DefaultMetadataResolver-12-0] INFO  o.e.m.c.i.e.AbstractTransferListenerAdapter - Downloaded https://repo.spring.io/milestone/org/springframework/boot/spring-boot-test-autoconfigure/2.2.2.BUILD-SNAPSHOT/maven-metadata.xml
2020-07-04 09:58:47,603 [DefaultMetadataResolver-12-1] INFO  o.e.m.c.i.e.AbstractTransferListenerAdapter - Downloading https://repo.spring.io/snapshot/org/springframework/boot/spring-boot-test-autoconfigure/2.2.2.BUILD-SNAPSHOT/maven-metadata.xml
2020-07-04 09:58:47,907 [DefaultMetadataResolver-12-1] INFO  o.e.m.c.i.e.AbstractTransferListenerAdapter - Downloaded https://repo.spring.io/snapshot/org/springframework/boot/spring-boot-test-autoconfigure/2.2.2.BUILD-SNAPSHOT/maven-metadata.xml
2020-07-04 09:58:48,191 [Worker-48: Importing Maven projects] INFO  o.e.m.c.i.e.AbstractTransferListenerAdapter - Downloaded https://repo.spring.io/milestone/org/springframework/boot/spring-boot-test-autoconfigure/2.2.2.BUILD-SNAPSHOT/spring-boot-test-autoconfigure-2.2.2.BUILD-20191206.052652-47.pom
2020-07-04 09:58:48,529 [Worker-48: Importing Maven projects] INFO  o.e.m.c.i.e.AbstractTransferListenerAdapter - Downloading https://repo.spring.io/snapshot/org/springframework/boot/spring-boot-test-autoconfigure/2.2.2.BUILD-SNAPSHOT/spring-boot-test-autoconfigure-2.2.2.BUILD-20191206.052652-47.pom
2020-07-04 09:58:48,863 [Worker-48: Importing Maven projects] INFO  o.e.m.c.i.e.AbstractTransferListenerAdapter - Downloaded https://repo.spring.io/snapshot/org/springframework/boot/spring-boot-test-autoconfigure/2.2.2.BUILD-SNAPSHOT/spring-boot-test-autoconfigure-2.2.2.BUILD-20191206.052652-47.pom
2020-07-04 09:58:49,554 [Worker-48: Importing Maven projects] INFO  o.e.m.c.i.e.AbstractTransferListenerAdapter - Downloaded https://repo.spring.io/milestone/net/bytebuddy/byte-buddy/1.10.4/byte-buddy-1.10.4.pom
2020-07-04 09:58:49,825 [Worker-48: Importing Maven projects] INFO  o.e.m.c.i.e.AbstractTransferListenerAdapter - Downloaded https://repo.spring.io/snapshot/net/bytebuddy/byte-buddy/1.10.4/byte-buddy-1.10.4.pom
2020-07-04 09:58:49,967 [Worker-48: Importing Maven projects] INFO  o.e.m.c.i.e.AbstractTransferListenerAdapter - Downloading https://repo.maven.apache.org/maven2/net/bytebuddy/byte-buddy/1.10.4/byte-buddy-1.10.4.pom
2020-07-04 09:58:50,114 [Worker-48: Importing Maven projects] INFO  o.e.m.c.i.e.AbstractTransferListenerAdapter - Downloaded https://repo.maven.apache.org/maven2/net/bytebuddy/byte-buddy/1.10.4/byte-buddy-1.10.4.pom
2020-07-04 09:58:50,427 [Worker-48: Importing Maven projects] INFO  o.e.m.c.i.e.AbstractTransferListenerAdapter - Downloaded https://repo.spring.io/milestone/net/bytebuddy/byte-buddy-parent/1.10.4/byte-buddy-parent-1.10.4.pom
2020-07-04 09:58:50,798 [Worker-48: Importing Maven projects] INFO  o.e.m.c.i.e.AbstractTransferListenerAdapter - Downloaded https://repo.spring.io/snapshot/net/bytebuddy/byte-buddy-parent/1.10.4/byte-buddy-parent-1.10.4.pom
2020-07-04 09:58:50,948 [Worker-48: Importing Maven projects] INFO  o.e.m.c.i.e.AbstractTransferListenerAdapter - Downloading https://repo.maven.apache.org/maven2/net/bytebuddy/byte-buddy-parent/1.10.4/byte-buddy-parent-1.10.4.pom
2020-07-04 09:58:51,246 [Worker-48: Importing Maven projects] INFO  o.e.m.c.i.e.AbstractTransferListenerAdapter - Downloaded https://repo.maven.apache.org/maven2/net/bytebuddy/byte-buddy-parent/1.10.4/byte-buddy-parent-1.10.4.pom
2020-07-04 09:58:51,635 [Worker-48: Importing Maven projects] INFO  o.e.m.c.i.e.AbstractTransferListenerAdapter - Downloaded https://repo.spring.io/milestone/net/bytebuddy/byte-buddy-agent/1.10.4/byte-buddy-agent-1.10.4.pom
2020-07-04 09:58:51,924 [Worker-48: Importing Maven projects] INFO  o.e.m.c.i.e.AbstractTransferListenerAdapter - Downloaded https://repo.spring.io/snapshot/net/bytebuddy/byte-buddy-agent/1.10.4/byte-buddy-agent-1.10.4.pom
2020-07-04 09:58:52,078 [Worker-48: Importing Maven projects] INFO  o.e.m.c.i.e.AbstractTransferListenerAdapter - Downloading https://repo.maven.apache.org/maven2/net/bytebuddy/byte-buddy-agent/1.10.4/byte-buddy-agent-1.10.4.pom
2020-07-04 09:58:52,231 [Worker-48: Importing Maven projects] INFO  o.e.m.c.i.e.AbstractTransferListenerAdapter - Downloaded https://repo.maven.apache.org/maven2/net/bytebuddy/byte-buddy-agent/1.10.4/byte-buddy-agent-1.10.4.pom
2020-07-04 09:58:52,733 [Worker-48: Importing Maven projects] INFO  o.e.m.c.i.e.AbstractTransferListenerAdapter - Downloading https://repo.spring.io/milestone/org/springframework/spring-test/5.2.2.RELEASE/spring-test-5.2.2.RELEASE.pom
2020-07-04 09:58:53,016 [Worker-48: Importing Maven projects] INFO  o.e.m.c.i.e.AbstractTransferListenerAdapter - Downloaded https://repo.spring.io/milestone/org/springframework/spring-test/5.2.2.RELEASE/spring-test-5.2.2.RELEASE.pom
2020-07-04 09:58:53,699 [Worker-48: Importing Maven projects] INFO  o.e.m.c.i.e.AbstractTransferListenerAdapter - Downloading https://repo.spring.io/snapshot/org/springframework/boot/spring-boot-starter/2.2.2.BUILD-SNAPSHOT/spring-boot-starter-2.2.2.BUILD-20191206.052651-47.jar
2020-07-04 09:58:53,975 [Worker-48: Importing Maven projects] INFO  o.e.m.c.i.e.AbstractTransferListenerAdapter - Downloaded https://repo.spring.io/snapshot/org/springframework/boot/spring-boot-starter/2.2.2.BUILD-SNAPSHOT/spring-boot-starter-2.2.2.BUILD-20191206.052651-47.jar
2020-07-04 09:58:54,286 [Worker-48: Importing Maven projects] INFO  o.e.m.c.i.e.AbstractTransferListenerAdapter - Downloading https://repo.spring.io/snapshot/org/springframework/boot/spring-boot/2.2.2.BUILD-SNAPSHOT/spring-boot-2.2.2.BUILD-20191206.052656-47.jar
2020-07-04 09:58:55,976 [Worker-48: Importing Maven projects] INFO  o.e.m.c.i.e.AbstractTransferListenerAdapter - Downloaded https://repo.spring.io/snapshot/org/springframework/boot/spring-boot/2.2.2.BUILD-SNAPSHOT/spring-boot-2.2.2.BUILD-20191206.052656-47.jar
2020-07-04 09:58:56,304 [Worker-48: Importing Maven projects] INFO  o.e.m.c.i.e.AbstractTransferListenerAdapter - Downloading https://repo.spring.io/snapshot/org/springframework/boot/spring-boot-autoconfigure/2.2.2.BUILD-SNAPSHOT/spring-boot-autoconfigure-2.2.2.BUILD-20191206.052548-47.jar
2020-07-04 09:58:58,138 [Worker-48: Importing Maven projects] INFO  o.e.m.c.i.e.AbstractTransferListenerAdapter - Downloaded https://repo.spring.io/snapshot/org/springframework/boot/spring-boot-autoconfigure/2.2.2.BUILD-SNAPSHOT/spring-boot-autoconfigure-2.2.2.BUILD-20191206.052548-47.jar
2020-07-04 09:58:58,482 [Worker-48: Importing Maven projects] INFO  o.e.m.c.i.e.AbstractTransferListenerAdapter - Downloading https://repo.spring.io/snapshot/org/springframework/boot/spring-boot-starter-logging/2.2.2.BUILD-SNAPSHOT/spring-boot-starter-logging-2.2.2.BUILD-20191206.052637-47.jar
2020-07-04 09:58:58,799 [Worker-48: Importing Maven projects] INFO  o.e.m.c.i.e.AbstractTransferListenerAdapter - Downloaded https://repo.spring.io/snapshot/org/springframework/boot/spring-boot-starter-logging/2.2.2.BUILD-SNAPSHOT/spring-boot-starter-logging-2.2.2.BUILD-20191206.052637-47.jar
2020-07-04 09:58:59,068 [Worker-48: Importing Maven projects] INFO  o.e.m.c.i.e.AbstractTransferListenerAdapter - Downloading https://repo.spring.io/snapshot/org/springframework/boot/spring-boot-starter-test/2.2.2.BUILD-SNAPSHOT/spring-boot-starter-test-2.2.2.BUILD-20191206.052644-47.jar
2020-07-04 09:58:59,344 [Worker-48: Importing Maven projects] INFO  o.e.m.c.i.e.AbstractTransferListenerAdapter - Downloaded https://repo.spring.io/snapshot/org/springframework/boot/spring-boot-starter-test/2.2.2.BUILD-SNAPSHOT/spring-boot-starter-test-2.2.2.BUILD-20191206.052644-47.jar
2020-07-04 09:58:59,618 [Worker-48: Importing Maven projects] INFO  o.e.m.c.i.e.AbstractTransferListenerAdapter - Downloading https://repo.spring.io/snapshot/org/springframework/boot/spring-boot-test/2.2.2.BUILD-SNAPSHOT/spring-boot-test-2.2.2.BUILD-20191206.052654-47.jar
2020-07-04 09:59:00,393 [Worker-48: Importing Maven projects] INFO  o.e.m.c.i.e.AbstractTransferListenerAdapter - Downloaded https://repo.spring.io/snapshot/org/springframework/boot/spring-boot-test/2.2.2.BUILD-SNAPSHOT/spring-boot-test-2.2.2.BUILD-20191206.052654-47.jar
2020-07-04 09:59:00,709 [Worker-48: Importing Maven projects] INFO  o.e.m.c.i.e.AbstractTransferListenerAdapter - Downloading https://repo.spring.io/snapshot/org/springframework/boot/spring-boot-test-autoconfigure/2.2.2.BUILD-SNAPSHOT/spring-boot-test-autoconfigure-2.2.2.BUILD-20191206.052652-47.jar
2020-07-04 09:59:01,256 [Worker-48: Importing Maven projects] INFO  o.e.m.c.i.e.AbstractTransferListenerAdapter - Downloaded https://repo.spring.io/snapshot/org/springframework/boot/spring-boot-test-autoconfigure/2.2.2.BUILD-SNAPSHOT/spring-boot-test-autoconfigure-2.2.2.BUILD-20191206.052652-47.jar
2020-07-04 09:59:03,208 [Worker-48: Importing Maven projects] INFO  o.e.m.c.i.e.AbstractTransferListenerAdapter - Downloading https://repo.spring.io/milestone/org/springframework/spring-context/5.2.2.RELEASE/spring-context-5.2.2.RELEASE.jar
2020-07-04 09:59:04,958 [Worker-48: Importing Maven projects] INFO  o.e.m.c.i.e.AbstractTransferListenerAdapter - Downloaded https://repo.spring.io/milestone/org/springframework/spring-context/5.2.2.RELEASE/spring-context-5.2.2.RELEASE.jar
2020-07-04 09:59:05,246 [Worker-48: Importing Maven projects] INFO  o.e.m.c.i.e.AbstractTransferListenerAdapter - Downloading https://repo.spring.io/milestone/org/springframework/spring-aop/5.2.2.RELEASE/spring-aop-5.2.2.RELEASE.jar
2020-07-04 09:59:06,528 [Worker-48: Importing Maven projects] INFO  o.e.m.c.i.e.AbstractTransferListenerAdapter - Downloaded https://repo.spring.io/milestone/org/springframework/spring-aop/5.2.2.RELEASE/spring-aop-5.2.2.RELEASE.jar
2020-07-04 09:59:06,805 [Worker-48: Importing Maven projects] INFO  o.e.m.c.i.e.AbstractTransferListenerAdapter - Downloading https://repo.spring.io/milestone/org/springframework/spring-beans/5.2.2.RELEASE/spring-beans-5.2.2.RELEASE.jar
2020-07-04 09:59:08,200 [Worker-48: Importing Maven projects] INFO  o.e.m.c.i.e.AbstractTransferListenerAdapter - Downloaded https://repo.spring.io/milestone/org/springframework/spring-beans/5.2.2.RELEASE/spring-beans-5.2.2.RELEASE.jar
2020-07-04 09:59:08,475 [Worker-48: Importing Maven projects] INFO  o.e.m.c.i.e.AbstractTransferListenerAdapter - Downloading https://repo.spring.io/milestone/org/springframework/spring-expression/5.2.2.RELEASE/spring-expression-5.2.2.RELEASE.jar
2020-07-04 09:59:09,123 [Worker-48: Importing Maven projects] INFO  o.e.m.c.i.e.AbstractTransferListenerAdapter - Downloaded https://repo.spring.io/milestone/org/springframework/spring-expression/5.2.2.RELEASE/spring-expression-5.2.2.RELEASE.jar
2020-07-04 09:59:09,394 [Worker-48: Importing Maven projects] INFO  o.e.m.c.i.e.AbstractTransferListenerAdapter - Downloading https://repo.spring.io/milestone/org/springframework/spring-core/5.2.2.RELEASE/spring-core-5.2.2.RELEASE.jar
2020-07-04 09:59:10,844 [Worker-48: Importing Maven projects] INFO  o.e.m.c.i.e.AbstractTransferListenerAdapter - Downloaded https://repo.spring.io/milestone/org/springframework/spring-core/5.2.2.RELEASE/spring-core-5.2.2.RELEASE.jar
2020-07-04 09:59:11,130 [Worker-48: Importing Maven projects] INFO  o.e.m.c.i.e.AbstractTransferListenerAdapter - Downloading https://repo.spring.io/milestone/org/springframework/spring-jcl/5.2.2.RELEASE/spring-jcl-5.2.2.RELEASE.jar
2020-07-04 09:59:11,415 [Worker-48: Importing Maven projects] INFO  o.e.m.c.i.e.AbstractTransferListenerAdapter - Downloaded https://repo.spring.io/milestone/org/springframework/spring-jcl/5.2.2.RELEASE/spring-jcl-5.2.2.RELEASE.jar
2020-07-04 09:59:11,684 [Worker-48: Importing Maven projects] INFO  o.e.m.c.i.e.AbstractTransferListenerAdapter - Downloaded https://repo.spring.io/milestone/net/bytebuddy/byte-buddy/1.10.4/byte-buddy-1.10.4.jar
2020-07-04 09:59:11,988 [Worker-48: Importing Maven projects] INFO  o.e.m.c.i.e.AbstractTransferListenerAdapter - Downloaded https://repo.spring.io/milestone/net/bytebuddy/byte-buddy-agent/1.10.4/byte-buddy-agent-1.10.4.jar
2020-07-04 09:59:12,277 [Worker-48: Importing Maven projects] INFO  o.e.m.c.i.e.AbstractTransferListenerAdapter - Downloading https://repo.spring.io/milestone/org/springframework/spring-test/5.2.2.RELEASE/spring-test-5.2.2.RELEASE.jar
2020-07-04 09:59:13,840 [Worker-48: Importing Maven projects] INFO  o.e.m.c.i.e.AbstractTransferListenerAdapter - Downloaded https://repo.spring.io/milestone/org/springframework/spring-test/5.2.2.RELEASE/spring-test-5.2.2.RELEASE.jar
2020-07-04 09:59:14,999 [Worker-48: Importing Maven projects] INFO  o.e.m.c.i.e.AbstractTransferListenerAdapter - Downloaded https://repo.spring.io/snapshot/net/bytebuddy/byte-buddy/1.10.4/byte-buddy-1.10.4.jar
2020-07-04 09:59:15,265 [Worker-48: Importing Maven projects] INFO  o.e.m.c.i.e.AbstractTransferListenerAdapter - Downloaded https://repo.spring.io/snapshot/net/bytebuddy/byte-buddy-agent/1.10.4/byte-buddy-agent-1.10.4.jar
2020-07-04 09:59:15,418 [Worker-48: Importing Maven projects] INFO  o.e.m.c.i.e.AbstractTransferListenerAdapter - Downloading https://repo.maven.apache.org/maven2/net/bytebuddy/byte-buddy/1.10.4/byte-buddy-1.10.4.jar
2020-07-04 09:59:22,602 [Worker-48: Importing Maven projects] INFO  o.e.m.c.i.e.AbstractTransferListenerAdapter - Downloaded https://repo.maven.apache.org/maven2/net/bytebuddy/byte-buddy/1.10.4/byte-buddy-1.10.4.jar
2020-07-04 09:59:22,761 [Worker-48: Importing Maven projects] INFO  o.e.m.c.i.e.AbstractTransferListenerAdapter - Downloading https://repo.maven.apache.org/maven2/net/bytebuddy/byte-buddy-agent/1.10.4/byte-buddy-agent-1.10.4.jar
2020-07-04 09:59:23,243 [Worker-48: Importing Maven projects] INFO  o.e.m.c.i.e.AbstractTransferListenerAdapter - Downloaded https://repo.maven.apache.org/maven2/net/bytebuddy/byte-buddy-agent/1.10.4/byte-buddy-agent-1.10.4.jar
2020-07-04 09:59:25,555 [Worker-48: Importing Maven projects] INFO  o.e.m.j.i.AbstractJavaProjectConfigurator - Adding source folder /spring-boot-example/src/main/java
2020-07-04 09:59:25,556 [Worker-48: Importing Maven projects] INFO  o.e.m.j.i.AbstractJavaProjectConfigurator - Adding resource folder /spring-boot-example/src/main/resources
2020-07-04 09:59:25,563 [Worker-48: Importing Maven projects] INFO  o.e.m.j.i.AbstractJavaProjectConfigurator - Adding resource folder /spring-boot-example/src/main/resources
2020-07-04 09:59:25,571 [Worker-48: Importing Maven projects] INFO  o.e.m.j.i.AbstractJavaProjectConfigurator - Adding source folder /spring-boot-example/src/test/java
2020-07-04 09:59:26,146 [Worker-48: Importing Maven projects] INFO  o.e.m.c.i.p.ProjectConfigurationManager - Imported and configured 1 project(s) in 99 sec
2020-07-04 09:59:31,231 [Worker-52: Building workspace] INFO  o.e.m.c.i.embedder.EclipseLogger - Using 'UTF-8' encoding to copy filtered resources.
2020-07-04 09:59:31,240 [Worker-52: Building workspace] INFO  o.e.m.c.i.embedder.EclipseLogger - Copying 1 resource
2020-07-04 09:59:31,278 [Worker-52: Building workspace] INFO  o.e.m.c.i.embedder.EclipseLogger - Copying 0 resource
2020-07-04 09:59:31,285 [Worker-52: Building workspace] INFO  o.e.m.c.i.embedder.EclipseLogger - Using 'UTF-8' encoding to copy filtered resources.
2020-07-04 09:59:31,285 [Worker-52: Building workspace] INFO  o.e.m.c.i.embedder.EclipseLogger - skip non existing resourceDirectory D:\downloaded project\spring-boot-example\src\test\resources
2020-07-04 09:59:46,868 [Worker-46: Updating Maven Project] INFO  o.e.m.c.i.p.ProjectConfigurationManager - Update started
2020-07-04 09:59:49,043 [DefaultMetadataResolver-13-1] INFO  o.e.m.c.i.e.AbstractTransferListenerAdapter - Downloading https://repo.spring.io/snapshot/org/springframework/boot/spring-boot-starter-parent/2.2.2.BUILD-SNAPSHOT/maven-metadata.xml
2020-07-04 09:59:49,166 [DefaultMetadataResolver-13-0] INFO  o.e.m.c.i.e.AbstractTransferListenerAdapter - Downloaded https://repo.spring.io/milestone/org/springframework/boot/spring-boot-starter-parent/2.2.2.BUILD-SNAPSHOT/maven-metadata.xml
2020-07-04 09:59:49,550 [DefaultMetadataResolver-13-1] INFO  o.e.m.c.i.e.AbstractTransferListenerAdapter - Downloaded https://repo.spring.io/snapshot/org/springframework/boot/spring-boot-starter-parent/2.2.2.BUILD-SNAPSHOT/maven-metadata.xml
2020-07-04 09:59:49,873 [DefaultMetadataResolver-14-0] INFO  o.e.m.c.i.e.AbstractTransferListenerAdapter - Downloaded https://repo.spring.io/milestone/org/springframework/boot/spring-boot-dependencies/2.2.2.BUILD-SNAPSHOT/maven-metadata.xml
2020-07-04 09:59:49,929 [DefaultMetadataResolver-14-1] INFO  o.e.m.c.i.e.AbstractTransferListenerAdapter - Downloading https://repo.spring.io/snapshot/org/springframework/boot/spring-boot-dependencies/2.2.2.BUILD-SNAPSHOT/maven-metadata.xml
2020-07-04 09:59:50,209 [DefaultMetadataResolver-14-1] INFO  o.e.m.c.i.e.AbstractTransferListenerAdapter - Downloaded https://repo.spring.io/snapshot/org/springframework/boot/spring-boot-dependencies/2.2.2.BUILD-SNAPSHOT/maven-metadata.xml
2020-07-04 09:59:55,360 [DefaultMetadataResolver-15-0] INFO  o.e.m.c.i.e.AbstractTransferListenerAdapter - Downloaded https://repo.spring.io/milestone/org/springframework/boot/spring-boot-maven-plugin/2.2.2.BUILD-SNAPSHOT/maven-metadata.xml
2020-07-04 09:59:55,368 [DefaultMetadataResolver-15-1] INFO  o.e.m.c.i.e.AbstractTransferListenerAdapter - Downloading https://repo.spring.io/snapshot/org/springframework/boot/spring-boot-maven-plugin/2.2.2.BUILD-SNAPSHOT/maven-metadata.xml
2020-07-04 09:59:55,655 [DefaultMetadataResolver-15-1] INFO  o.e.m.c.i.e.AbstractTransferListenerAdapter - Downloaded https://repo.spring.io/snapshot/org/springframework/boot/spring-boot-maven-plugin/2.2.2.BUILD-SNAPSHOT/maven-metadata.xml
2020-07-04 09:59:56,507 [Worker-46: Updating Maven Project] INFO  o.e.m.c.i.l.LifecycleMappingFactory - Using org.eclipse.m2e.jdt.JarLifecycleMapping lifecycle mapping for MavenProject: com.javatpoint:spring-boot-example:0.0.1-SNAPSHOT @ D:\downloaded project\spring-boot-example\pom.xml.
2020-07-04 09:59:56,792 [DefaultMetadataResolver-16-0] INFO  o.e.m.c.i.e.AbstractTransferListenerAdapter - Downloaded https://repo.spring.io/milestone/org/springframework/boot/spring-boot-starter/2.2.2.BUILD-SNAPSHOT/maven-metadata.xml
2020-07-04 09:59:56,826 [DefaultMetadataResolver-16-1] INFO  o.e.m.c.i.e.AbstractTransferListenerAdapter - Downloading https://repo.spring.io/snapshot/org/springframework/boot/spring-boot-starter/2.2.2.BUILD-SNAPSHOT/maven-metadata.xml
2020-07-04 09:59:57,106 [DefaultMetadataResolver-16-1] INFO  o.e.m.c.i.e.AbstractTransferListenerAdapter - Downloaded https://repo.spring.io/snapshot/org/springframework/boot/spring-boot-starter/2.2.2.BUILD-SNAPSHOT/maven-metadata.xml
2020-07-04 09:59:57,410 [DefaultMetadataResolver-17-1] INFO  o.e.m.c.i.e.AbstractTransferListenerAdapter - Downloading https://repo.spring.io/snapshot/org/springframework/boot/spring-boot-starters/2.2.2.BUILD-SNAPSHOT/maven-metadata.xml
2020-07-04 09:59:57,415 [DefaultMetadataResolver-17-0] INFO  o.e.m.c.i.e.AbstractTransferListenerAdapter - Downloaded https://repo.spring.io/milestone/org/springframework/boot/spring-boot-starters/2.2.2.BUILD-SNAPSHOT/maven-metadata.xml
2020-07-04 09:59:57,695 [DefaultMetadataResolver-17-1] INFO  o.e.m.c.i.e.AbstractTransferListenerAdapter - Downloaded https://repo.spring.io/snapshot/org/springframework/boot/spring-boot-starters/2.2.2.BUILD-SNAPSHOT/maven-metadata.xml
2020-07-04 09:59:58,025 [DefaultMetadataResolver-18-0] INFO  o.e.m.c.i.e.AbstractTransferListenerAdapter - Downloaded https://repo.spring.io/milestone/org/springframework/boot/spring-boot-parent/2.2.2.BUILD-SNAPSHOT/maven-metadata.xml
2020-07-04 09:59:58,030 [DefaultMetadataResolver-18-1] INFO  o.e.m.c.i.e.AbstractTransferListenerAdapter - Downloading https://repo.spring.io/snapshot/org/springframework/boot/spring-boot-parent/2.2.2.BUILD-SNAPSHOT/maven-metadata.xml
2020-07-04 09:59:58,313 [DefaultMetadataResolver-18-1] INFO  o.e.m.c.i.e.AbstractTransferListenerAdapter - Downloaded https://repo.spring.io/snapshot/org/springframework/boot/spring-boot-parent/2.2.2.BUILD-SNAPSHOT/maven-metadata.xml
2020-07-04 09:59:58,726 [DefaultMetadataResolver-19-0] INFO  o.e.m.c.i.e.AbstractTransferListenerAdapter - Downloaded https://repo.spring.io/milestone/org/springframework/boot/spring-boot/2.2.2.BUILD-SNAPSHOT/maven-metadata.xml
2020-07-04 09:59:58,737 [DefaultMetadataResolver-19-1] INFO  o.e.m.c.i.e.AbstractTransferListenerAdapter - Downloading https://repo.spring.io/snapshot/org/springframework/boot/spring-boot/2.2.2.BUILD-SNAPSHOT/maven-metadata.xml
2020-07-04 09:59:59,028 [DefaultMetadataResolver-19-1] INFO  o.e.m.c.i.e.AbstractTransferListenerAdapter - Downloaded https://repo.spring.io/snapshot/org/springframework/boot/spring-boot/2.2.2.BUILD-SNAPSHOT/maven-metadata.xml
2020-07-04 09:59:59,442 [DefaultMetadataResolver-20-0] INFO  o.e.m.c.i.e.AbstractTransferListenerAdapter - Downloaded https://repo.spring.io/milestone/org/springframework/boot/spring-boot-autoconfigure/2.2.2.BUILD-SNAPSHOT/maven-metadata.xml
2020-07-04 09:59:59,594 [DefaultMetadataResolver-20-1] INFO  o.e.m.c.i.e.AbstractTransferListenerAdapter - Downloading https://repo.spring.io/snapshot/org/springframework/boot/spring-boot-autoconfigure/2.2.2.BUILD-SNAPSHOT/maven-metadata.xml
2020-07-04 09:59:59,875 [DefaultMetadataResolver-20-1] INFO  o.e.m.c.i.e.AbstractTransferListenerAdapter - Downloaded https://repo.spring.io/snapshot/org/springframework/boot/spring-boot-autoconfigure/2.2.2.BUILD-SNAPSHOT/maven-metadata.xml
2020-07-04 10:00:00,214 [DefaultMetadataResolver-21-1] INFO  o.e.m.c.i.e.AbstractTransferListenerAdapter - Downloading https://repo.spring.io/snapshot/org/springframework/boot/spring-boot-starter-logging/2.2.2.BUILD-SNAPSHOT/maven-metadata.xml
2020-07-04 10:00:00,215 [DefaultMetadataResolver-21-0] INFO  o.e.m.c.i.e.AbstractTransferListenerAdapter - Downloaded https://repo.spring.io/milestone/org/springframework/boot/spring-boot-starter-logging/2.2.2.BUILD-SNAPSHOT/maven-metadata.xml
2020-07-04 10:00:00,502 [DefaultMetadataResolver-21-1] INFO  o.e.m.c.i.e.AbstractTransferListenerAdapter - Downloaded https://repo.spring.io/snapshot/org/springframework/boot/spring-boot-starter-logging/2.2.2.BUILD-SNAPSHOT/maven-metadata.xml
2020-07-04 10:00:01,109 [DefaultMetadataResolver-22-0] INFO  o.e.m.c.i.e.AbstractTransferListenerAdapter - Downloaded https://repo.spring.io/milestone/org/springframework/boot/spring-boot-starter-test/2.2.2.BUILD-SNAPSHOT/maven-metadata.xml
2020-07-04 10:00:01,115 [DefaultMetadataResolver-22-1] INFO  o.e.m.c.i.e.AbstractTransferListenerAdapter - Downloading https://repo.spring.io/snapshot/org/springframework/boot/spring-boot-starter-test/2.2.2.BUILD-SNAPSHOT/maven-metadata.xml
2020-07-04 10:00:01,421 [DefaultMetadataResolver-22-1] INFO  o.e.m.c.i.e.AbstractTransferListenerAdapter - Downloaded https://repo.spring.io/snapshot/org/springframework/boot/spring-boot-starter-test/2.2.2.BUILD-SNAPSHOT/maven-metadata.xml
2020-07-04 10:00:01,745 [DefaultMetadataResolver-23-0] INFO  o.e.m.c.i.e.AbstractTransferListenerAdapter - Downloaded https://repo.spring.io/milestone/org/springframework/boot/spring-boot-test/2.2.2.BUILD-SNAPSHOT/maven-metadata.xml
2020-07-04 10:00:01,761 [DefaultMetadataResolver-23-1] INFO  o.e.m.c.i.e.AbstractTransferListenerAdapter - Downloading https://repo.spring.io/snapshot/org/springframework/boot/spring-boot-test/2.2.2.BUILD-SNAPSHOT/maven-metadata.xml
2020-07-04 10:00:02,055 [DefaultMetadataResolver-23-1] INFO  o.e.m.c.i.e.AbstractTransferListenerAdapter - Downloaded https://repo.spring.io/snapshot/org/springframework/boot/spring-boot-test/2.2.2.BUILD-SNAPSHOT/maven-metadata.xml
2020-07-04 10:00:02,432 [DefaultMetadataResolver-24-0] INFO  o.e.m.c.i.e.AbstractTransferListenerAdapter - Downloaded https://repo.spring.io/milestone/org/springframework/boot/spring-boot-test-autoconfigure/2.2.2.BUILD-SNAPSHOT/maven-metadata.xml
2020-07-04 10:00:02,467 [DefaultMetadataResolver-24-1] INFO  o.e.m.c.i.e.AbstractTransferListenerAdapter - Downloading https://repo.spring.io/snapshot/org/springframework/boot/spring-boot-test-autoconfigure/2.2.2.BUILD-SNAPSHOT/maven-metadata.xml
2020-07-04 10:00:02,762 [DefaultMetadataResolver-24-1] INFO  o.e.m.c.i.e.AbstractTransferListenerAdapter - Downloaded https://repo.spring.io/snapshot/org/springframework/boot/spring-boot-test-autoconfigure/2.2.2.BUILD-SNAPSHOT/maven-metadata.xml
2020-07-04 10:00:04,400 [Worker-46: Updating Maven Project] INFO  o.e.m.j.i.AbstractJavaProjectConfigurator - Adding source folder /spring-boot-example/src/main/java
2020-07-04 10:00:04,400 [Worker-46: Updating Maven Project] INFO  o.e.m.j.i.AbstractJavaProjectConfigurator - Adding resource folder /spring-boot-example/src/main/resources
2020-07-04 10:00:04,401 [Worker-46: Updating Maven Project] INFO  o.e.m.j.i.AbstractJavaProjectConfigurator - Adding resource folder /spring-boot-example/src/main/resources
2020-07-04 10:00:04,403 [Worker-46: Updating Maven Project] INFO  o.e.m.j.i.AbstractJavaProjectConfigurator - Adding source folder /spring-boot-example/src/test/java
2020-07-04 10:00:05,010 [Worker-46: Updating Maven Project] INFO  o.e.m.c.i.p.ProjectConfigurationManager - Update completed: 18 sec
2020-07-04 10:00:06,567 [Worker-48: Building workspace] INFO  o.e.m.c.i.embedder.EclipseLogger - Using 'UTF-8' encoding to copy filtered resources.
2020-07-04 10:00:06,568 [Worker-48: Building workspace] INFO  o.e.m.c.i.embedder.EclipseLogger - Copying 1 resource
2020-07-04 10:00:06,602 [Worker-48: Building workspace] INFO  o.e.m.c.i.embedder.EclipseLogger - Copying 0 resource
2020-07-04 10:00:06,608 [Worker-48: Building workspace] INFO  o.e.m.c.i.embedder.EclipseLogger - Using 'UTF-8' encoding to copy filtered resources.
2020-07-04 10:00:06,608 [Worker-48: Building workspace] INFO  o.e.m.c.i.embedder.EclipseLogger - skip non existing resourceDirectory D:\downloaded project\spring-boot-example\src\test\resources
2020-07-04 17:36:36,816 [Worker-62: Building workspace] INFO  o.e.m.c.i.embedder.EclipseLogger - Using 'UTF-8' encoding to copy filtered resources.
2020-07-04 17:36:37,160 [Worker-62: Building workspace] INFO  o.e.m.c.i.embedder.EclipseLogger - Copying 1 resource
2020-07-04 17:36:37,165 [Worker-62: Building workspace] INFO  o.e.m.c.i.embedder.EclipseLogger - Copying 0 resource
2020-07-04 17:36:37,174 [Worker-62: Building workspace] INFO  o.e.m.c.i.embedder.EclipseLogger - Using 'UTF-8' encoding to copy filtered resources.
2020-07-04 17:36:37,175 [Worker-62: Building workspace] INFO  o.e.m.c.i.embedder.EclipseLogger - skip non existing resourceDirectory D:\downloaded project\spring-boot-example\src\test\resources
2020-07-04 17:36:39,689 [Worker-65: Building workspace] INFO  o.e.m.c.i.embedder.EclipseLogger - Using 'UTF-8' encoding to copy filtered resources.
2020-07-04 17:36:39,690 [Worker-65: Building workspace] INFO  o.e.m.c.i.embedder.EclipseLogger - Copying 1 resource
2020-07-04 17:36:39,693 [Worker-65: Building workspace] INFO  o.e.m.c.i.embedder.EclipseLogger - Copying 0 resource
2020-07-04 17:36:39,699 [Worker-65: Building workspace] INFO  o.e.m.c.i.embedder.EclipseLogger - Using 'UTF-8' encoding to copy filtered resources.
2020-07-04 17:36:39,699 [Worker-65: Building workspace] INFO  o.e.m.c.i.embedder.EclipseLogger - skip non existing resourceDirectory D:\downloaded project\spring-boot-example\src\test\resources
2020-08-02 17:01:09,345 [Worker-6: Updating Maven Dependencies] INFO  o.e.m.c.i.l.LifecycleMappingFactory - Using org.eclipse.m2e.jdt.JarLifecycleMapping lifecycle mapping for MavenProject: com.javatpoint:spring-boot-example:0.0.1-SNAPSHOT @ D:\downloaded project\spring-boot-example\pom.xml.
2020-08-02 17:01:22,056 [Worker-0: Building workspace] INFO  o.e.m.c.i.embedder.EclipseLogger - Using 'UTF-8' encoding to copy filtered resources.
2020-08-02 17:01:22,068 [Worker-0: Building workspace] INFO  o.e.m.c.i.embedder.EclipseLogger - Copying 1 resource
2020-08-02 17:01:22,105 [Worker-0: Building workspace] INFO  o.e.m.c.i.embedder.EclipseLogger - Copying 0 resource
2020-08-02 17:01:22,111 [Worker-0: Building workspace] INFO  o.e.m.c.i.embedder.EclipseLogger - Using 'UTF-8' encoding to copy filtered resources.
2020-08-02 17:01:22,111 [Worker-0: Building workspace] INFO  o.e.m.c.i.embedder.EclipseLogger - skip non existing resourceDirectory D:\downloaded project\spring-boot-example\src\test\resources
2020-08-06 21:40:23,679 [Worker-15: Building workspace] INFO  o.e.m.c.i.embedder.EclipseLogger - Using 'UTF-8' encoding to copy filtered resources.
2020-08-06 21:40:23,702 [Worker-15: Building workspace] INFO  o.e.m.c.i.embedder.EclipseLogger - Copying 1 resource
2020-08-06 21:40:23,722 [Worker-15: Building workspace] INFO  o.e.m.c.i.embedder.EclipseLogger - Copying 0 resource
2020-08-06 21:40:23,727 [Worker-15: Building workspace] INFO  o.e.m.c.i.embedder.EclipseLogger - Using 'UTF-8' encoding to copy filtered resources.
2020-08-06 21:40:23,727 [Worker-15: Building workspace] INFO  o.e.m.c.i.embedder.EclipseLogger - skip non existing resourceDirectory D:\downloaded project\spring-boot-example\src\test\resources
2020-08-23 21:31:47,976 [Worker-11: Building workspace] INFO  o.e.m.c.i.embedder.EclipseLogger - Using 'UTF-8' encoding to copy filtered resources.
2020-08-23 21:31:48,001 [Worker-11: Building workspace] INFO  o.e.m.c.i.embedder.EclipseLogger - Copying 1 resource
2020-08-23 21:31:48,033 [Worker-11: Building workspace] INFO  o.e.m.c.i.embedder.EclipseLogger - Copying 0 resource
2020-08-23 21:31:48,039 [Worker-11: Building workspace] INFO  o.e.m.c.i.embedder.EclipseLogger - Using 'UTF-8' encoding to copy filtered resources.
2020-08-23 21:31:48,039 [Worker-11: Building workspace] INFO  o.e.m.c.i.embedder.EclipseLogger - skip non existing resourceDirectory D:\downloaded project\spring-boot-example\src\test\resources
2020-09-04 20:20:09,856 [Worker-93: Download sources and javadoc] INFO  o.e.m.c.i.e.AbstractTransferListenerAdapter - Downloading https://repo.spring.io/milestone/org/springframework/spring-context/5.2.2.RELEASE/spring-context-5.2.2.RELEASE-sources.jar
2020-09-04 20:20:11,326 [Worker-93: Download sources and javadoc] INFO  o.e.m.c.i.e.AbstractTransferListenerAdapter - Downloaded https://repo.spring.io/milestone/org/springframework/spring-context/5.2.2.RELEASE/spring-context-5.2.2.RELEASE-sources.jar
2020-09-04 20:20:12,792 [Worker-93: Download sources and javadoc] INFO  o.e.m.j.internal.DownloadSourcesJob - Downloaded sources for org.springframework:spring-context:5.2.2.RELEASE
2020-09-04 20:20:19,618 [Worker-90: Building workspace] INFO  o.e.m.c.i.embedder.EclipseLogger - Using 'UTF-8' encoding to copy filtered resources.
2020-09-04 20:20:19,640 [Worker-90: Building workspace] INFO  o.e.m.c.i.embedder.EclipseLogger - Copying 1 resource
2020-09-04 20:20:19,704 [Worker-90: Building workspace] INFO  o.e.m.c.i.embedder.EclipseLogger - Copying 0 resource
2020-09-04 20:20:19,723 [Worker-90: Building workspace] INFO  o.e.m.c.i.embedder.EclipseLogger - Using 'UTF-8' encoding to copy filtered resources.
2020-09-04 20:20:19,723 [Worker-90: Building workspace] INFO  o.e.m.c.i.embedder.EclipseLogger - skip non existing resourceDirectory D:\downloaded project\spring-boot-example\src\test\resources
2020-09-07 21:27:01,628 [Worker-0: Building workspace] INFO  o.e.m.c.i.embedder.EclipseLogger - Using 'UTF-8' encoding to copy filtered resources.
2020-09-07 21:27:01,723 [Worker-0: Building workspace] INFO  o.e.m.c.i.embedder.EclipseLogger - Copying 1 resource
2020-09-07 21:27:01,779 [Worker-0: Building workspace] INFO  o.e.m.c.i.embedder.EclipseLogger - Copying 0 resource
2020-09-07 21:27:01,785 [Worker-0: Building workspace] INFO  o.e.m.c.i.embedder.EclipseLogger - Using 'UTF-8' encoding to copy filtered resources.
2020-09-07 21:27:01,785 [Worker-0: Building workspace] INFO  o.e.m.c.i.embedder.EclipseLogger - skip non existing resourceDirectory D:\downloaded project\spring-boot-example\src\test\resources
2020-09-09 19:48:37,748 [Worker-7: Building workspace] INFO  o.e.m.c.i.embedder.EclipseLogger - Using 'UTF-8' encoding to copy filtered resources.
2020-09-09 19:48:37,780 [Worker-7: Building workspace] INFO  o.e.m.c.i.embedder.EclipseLogger - Copying 1 resource
2020-09-09 19:48:37,828 [Worker-7: Building workspace] INFO  o.e.m.c.i.embedder.EclipseLogger - Copying 0 resource
2020-09-09 19:48:37,836 [Worker-7: Building workspace] INFO  o.e.m.c.i.embedder.EclipseLogger - Using 'UTF-8' encoding to copy filtered resources.
2020-09-09 19:48:37,836 [Worker-7: Building workspace] INFO  o.e.m.c.i.embedder.EclipseLogger - skip non existing resourceDirectory D:\downloaded project\spring-boot-example\src\test\resources
2020-09-10 10:44:23,995 [Worker-62: Building workspace] INFO  o.e.m.c.i.embedder.EclipseLogger - Using 'UTF-8' encoding to copy filtered resources.
2020-09-10 10:44:24,054 [Worker-62: Building workspace] INFO  o.e.m.c.i.embedder.EclipseLogger - Copying 1 resource
2020-09-10 10:44:24,091 [Worker-62: Building workspace] INFO  o.e.m.c.i.embedder.EclipseLogger - Copying 0 resource
2020-09-10 10:44:24,097 [Worker-62: Building workspace] INFO  o.e.m.c.i.embedder.EclipseLogger - Using 'UTF-8' encoding to copy filtered resources.
2020-09-10 10:44:24,097 [Worker-62: Building workspace] INFO  o.e.m.c.i.embedder.EclipseLogger - skip non existing resourceDirectory D:\downloaded project\spring-boot-example\src\test\resources
2021-07-16 22:32:06,398 [Worker-2: Building workspace] INFO  o.e.m.c.i.embedder.EclipseLogger - Using 'UTF-8' encoding to copy filtered resources.
2021-07-16 22:32:06,460 [Worker-2: Building workspace] INFO  o.e.m.c.i.embedder.EclipseLogger - Copying 1 resource
2021-07-16 22:32:06,491 [Worker-2: Building workspace] INFO  o.e.m.c.i.embedder.EclipseLogger - Copying 0 resource
2021-07-16 22:32:06,507 [Worker-2: Building workspace] INFO  o.e.m.c.i.embedder.EclipseLogger - Using 'UTF-8' encoding to copy filtered resources.
2021-07-16 22:32:06,507 [Worker-2: Building workspace] INFO  o.e.m.c.i.embedder.EclipseLogger - skip non existing resourceDirectory D:\downloaded project\spring-boot-example\src\test\resources
2021-08-29 16:52:54,358 [Worker-11: Building workspace] INFO  o.e.m.c.i.embedder.EclipseLogger - Using 'UTF-8' encoding to copy filtered resources.
2021-08-29 16:52:54,407 [Worker-11: Building workspace] INFO  o.e.m.c.i.embedder.EclipseLogger - Copying 1 resource
2021-08-29 16:52:54,444 [Worker-11: Building workspace] INFO  o.e.m.c.i.embedder.EclipseLogger - Copying 0 resource
2021-08-29 16:52:54,451 [Worker-11: Building workspace] INFO  o.e.m.c.i.embedder.EclipseLogger - Using 'UTF-8' encoding to copy filtered resources.
2021-08-29 16:52:54,452 [Worker-11: Building workspace] INFO  o.e.m.c.i.embedder.EclipseLogger - skip non existing resourceDirectory D:\downloaded project\spring-boot-example\src\test\resources
2022-01-08 10:42:25,752 [Worker-7: Building workspace] INFO  o.e.m.c.i.embedder.EclipseLogger - Using 'UTF-8' encoding to copy filtered resources.
2022-01-08 10:42:25,801 [Worker-7: Building workspace] INFO  o.e.m.c.i.embedder.EclipseLogger - Copying 1 resource
2022-01-08 10:42:25,847 [Worker-7: Building workspace] INFO  o.e.m.c.i.embedder.EclipseLogger - Copying 0 resource
2022-01-08 10:42:25,852 [Worker-7: Building workspace] INFO  o.e.m.c.i.embedder.EclipseLogger - Using 'UTF-8' encoding to copy filtered resources.
2022-01-08 10:42:25,853 [Worker-7: Building workspace] INFO  o.e.m.c.i.embedder.EclipseLogger - skip non existing resourceDirectory D:\downloaded project\spring-boot-example\src\test\resources
2022-01-30 21:19:39,998 [Worker-3: Building workspace] INFO  o.e.m.c.i.embedder.EclipseLogger - Using 'UTF-8' encoding to copy filtered resources.
2022-01-30 21:19:40,147 [Worker-3: Building workspace] INFO  o.e.m.c.i.embedder.EclipseLogger - Copying 1 resource
2022-01-30 21:19:40,386 [Worker-3: Building workspace] INFO  o.e.m.c.i.embedder.EclipseLogger - Copying 0 resource
2022-01-30 21:19:40,400 [Worker-3: Building workspace] INFO  o.e.m.c.i.embedder.EclipseLogger - Using 'UTF-8' encoding to copy filtered resources.
2022-01-30 21:19:40,401 [Worker-3: Building workspace] INFO  o.e.m.c.i.embedder.EclipseLogger - skip non existing resourceDirectory D:\downloaded project\spring-boot-example\src\test\resources
